<?xml version="1.0" encoding="UTF-8"?>
<!-- Generated by org.testng.reporters.JUnitXMLReporter -->
<testsuite ignored="0" hostname="SUJITH-PERSONAL" failures="1" tests="5" name="Command line test" time="96.906" errors="0" timestamp="2025-05-19T19:13:38 IST">
  <testcase classname="io.cucumber.testng.AbstractTestNGCucumberTests" name="runScenario" time="37.613"/>
  <testcase classname="io.cucumber.testng.AbstractTestNGCucumberTests" name="runScenario" time="17.031"/>
  <testcase classname="io.cucumber.testng.AbstractTestNGCucumberTests" name="runScenario" time="13.188"/>
  <testcase classname="io.cucumber.testng.AbstractTestNGCucumberTests" name="runScenario" time="14.507">
    <failure type="org.openqa.selenium.ElementClickInterceptedException" message="element click intercepted: Element &amp;lt;img alt=&amp;quot;naukri user profile img&amp;quot; class=&amp;quot;nI-gNb-icon-img&amp;quot; src=&amp;quot;https://media.naukri.com/media/jphotov1/l244%253ALukcMT663AMdH7CxGUUCbZ4ywn4pbMU6g1s37Wf7BpZo6ntiS5lwIR2ko4s%253D&amp;quot;&amp;gt; is not clickable at point (1209, 37). Other element would receive the click: &amp;lt;div class=&amp;quot;ltLayer open&amp;quot; style=&amp;quot;z-index: 1002;&amp;quot;&amp;gt;&amp;lt;/div&amp;gt;
  (Session info: chrome=136.0.7103.114)
Build info: version: &amp;apos;4.21.0&amp;apos;, revision: &amp;apos;79ed462ef4&amp;apos;
System info: os.name: &amp;apos;Windows 10&amp;apos;, os.arch: &amp;apos;amd64&amp;apos;, os.version: &amp;apos;10.0&amp;apos;, java.version: &amp;apos;17.0.1&amp;apos;
Driver info: org.openqa.selenium.chrome.ChromeDriver
Command: [deafe1674f4b05a59f744f0b26dc3e68, clickElement {id=f.17172D4A4E9DBC4E7A2B737CA896C8AE.d.F227FA74F0FC999D8E327EDC9CCF1503.e.121}]
Capabilities {acceptInsecureCerts: false, browserName: chrome, browserVersion: 136.0.7103.114, chrome: {chromedriverVersion: 136.0.7103.94 (fa0be0b33deb..., userDataDir: C:\Users\Sujith\AppData\Loc...}, fedcm:accounts: true, goog:chromeOptions: {debuggerAddress: localhost:51635}, networkConnectionEnabled: false, pageLoadStrategy: normal, platformName: windows, proxy: Proxy(), se:cdp: ws://localhost:51635/devtoo..., se:cdpVersion: 136.0.7103.114, setWindowRect: true, strictFileInteractability: false, timeouts: {implicit: 0, pageLoad: 300000, script: 30000}, unhandledPromptBehavior: dismiss and notify, webauthn:extension:credBlob: true, webauthn:extension:largeBlob: true, webauthn:extension:minPinLength: true, webauthn:extension:prf: true, webauthn:virtualAuthenticators: true}
Element: [[ChromeDriver: chrome on windows (deafe1674f4b05a59f744f0b26dc3e68)] -&amp;gt; xpath: //img[@alt=&amp;apos;naukri user profile img&amp;apos;]]
Session ID: deafe1674f4b05a59f744f0b26dc3e68">
      <![CDATA[org.openqa.selenium.ElementClickInterceptedException: element click intercepted: Element <img alt="naukri user profile img" class="nI-gNb-icon-img" src="https://media.naukri.com/media/jphotov1/l244%253ALukcMT663AMdH7CxGUUCbZ4ywn4pbMU6g1s37Wf7BpZo6ntiS5lwIR2ko4s%253D"> is not clickable at point (1209, 37). Other element would receive the click: <div class="ltLayer open" style="z-index: 1002;"></div>
  (Session info: chrome=136.0.7103.114)
Build info: version: '4.21.0', revision: '79ed462ef4'
System info: os.name: 'Windows 10', os.arch: 'amd64', os.version: '10.0', java.version: '17.0.1'
Driver info: org.openqa.selenium.chrome.ChromeDriver
Command: [deafe1674f4b05a59f744f0b26dc3e68, clickElement {id=f.17172D4A4E9DBC4E7A2B737CA896C8AE.d.F227FA74F0FC999D8E327EDC9CCF1503.e.121}]
Capabilities {acceptInsecureCerts: false, browserName: chrome, browserVersion: 136.0.7103.114, chrome: {chromedriverVersion: 136.0.7103.94 (fa0be0b33deb..., userDataDir: C:\Users\Sujith\AppData\Loc...}, fedcm:accounts: true, goog:chromeOptions: {debuggerAddress: localhost:51635}, networkConnectionEnabled: false, pageLoadStrategy: normal, platformName: windows, proxy: Proxy(), se:cdp: ws://localhost:51635/devtoo..., se:cdpVersion: 136.0.7103.114, setWindowRect: true, strictFileInteractability: false, timeouts: {implicit: 0, pageLoad: 300000, script: 30000}, unhandledPromptBehavior: dismiss and notify, webauthn:extension:credBlob: true, webauthn:extension:largeBlob: true, webauthn:extension:minPinLength: true, webauthn:extension:prf: true, webauthn:virtualAuthenticators: true}
Element: [[ChromeDriver: chrome on windows (deafe1674f4b05a59f744f0b26dc3e68)] -> xpath: //img[@alt='naukri user profile img']]
Session ID: deafe1674f4b05a59f744f0b26dc3e68
at org.openqa.selenium.remote.ErrorCodec.decode(ErrorCodec.java:167)
at org.openqa.selenium.remote.codec.w3c.W3CHttpResponseCodec.decode(W3CHttpResponseCodec.java:138)
at org.openqa.selenium.remote.codec.w3c.W3CHttpResponseCodec.decode(W3CHttpResponseCodec.java:50)
at org.openqa.selenium.remote.HttpCommandExecutor.execute(HttpCommandExecutor.java:190)
at org.openqa.selenium.remote.service.DriverCommandExecutor.invokeExecute(DriverCommandExecutor.java:216)
at org.openqa.selenium.remote.service.DriverCommandExecutor.execute(DriverCommandExecutor.java:174)
at org.openqa.selenium.remote.RemoteWebDriver.execute(RemoteWebDriver.java:518)
at org.openqa.selenium.remote.RemoteWebElement.execute(RemoteWebElement.java:223)
at org.openqa.selenium.remote.RemoteWebElement.click(RemoteWebElement.java:76)
at Pages.LogoutPage.userprofile(LogoutPage.java:21)
at StepDefs.services.CreateAccountSteps.shouldSeeAccountCreatedSuccessfully(CreateAccountSteps.java:69)
at âœ½.should Logout Profile successfully(file:src/test/java/features/services/Naukri/UpdateAccount.feature:41)
... Removed 5 stack frames]]>
    </failure>
  </testcase> <!-- runScenario -->
  <testcase classname="io.cucumber.testng.AbstractTestNGCucumberTests" name="runScenario" time="11.351">
    <skipped/>
  </testcase> <!-- runScenario -->
</testsuite> <!-- Command line test -->
